Full_compact
/vol/ph/astro_data/shared/morkney2/GC_mock_obs/Nbody6_sims/Full_compact/Halo383_Massive_output_00039_136
>    Less than 10 bound particles.
>    136, 8.48s
Saving...
/vol/ph/astro_data/shared/morkney2/GC_mock_obs/Nbody6_sims/Full_compact/Halo383_fiducial_early_output_00040_58
>    Less than 10 bound particles.
>    58, 17.41s
Saving...
/vol/ph/astro_data/shared/morkney2/GC_mock_obs/Nbody6_sims/Full_compact/Halo1459_fiducial_hires_output_00020_2
Read all OUT3 files.
>    Less than 10 bound particles.
>    2, 30.61s
Saving...
/vol/ph/astro_data/shared/morkney2/GC_mock_obs/Nbody6_sims/Full_compact/Halo383_Massive_output_00035_135
>    Less than 10 bound particles.
>    135, 6.06s
Saving...
/vol/ph/astro_data/shared/morkney2/GC_mock_obs/Nbody6_sims/Full_compact/Halo605_fiducial_hires_output_00035_36
Read all OUT3 files.
Read all OUT3 files.
Read all OUT3 files.
Read all OUT3 files.
Read all OUT3 files.
>    Less than 10 bound particles.
>    36, 91.09s
Saving...
/vol/ph/astro_data/shared/morkney2/GC_mock_obs/Nbody6_sims/Full_compact/Halo383_Massive_output_00031_191
>    191, 33.11s
Saving...
/vol/ph/astro_data/shared/morkney2/GC_mock_obs/Nbody6_sims/Full_compact/Halo383_fiducial_early_output_00025_22
Read all OUT3 files.
>    Less than 10 bound particles.
>    22, 75.72s
Saving...
/vol/ph/astro_data/shared/morkney2/GC_mock_obs/Nbody6_sims/Full_compact/Halo383_fiducial_early_output_00024_23
>    Less than 10 bound particles.
>    23, 25.78s
Saving...
/vol/ph/astro_data/shared/morkney2/GC_mock_obs/Nbody6_sims/Full_compact/Halo383_Massive_output_00038_130
>    Unbound entry.
/vol/ph/astro_data/shared/morkney2/GC_mock_obs/Nbody6_sims/Full_compact/Halo383_Massive_output_00038_137
Read all OUT3 files.
>    Less than 10 bound particles.
>    137, 56.59s
Saving...
/vol/ph/astro_data/shared/morkney2/GC_mock_obs/Nbody6_sims/Full_compact/Halo383_Massive_output_00040_140
>    Unbound entry.
/vol/ph/astro_data/shared/morkney2/GC_mock_obs/Nbody6_sims/Full_compact/Halo383_fiducial_early_output_00026_48
Read all OUT3 files.
>    Less than 10 bound particles.
>    48, 17.48s
Saving...
/vol/ph/astro_data/shared/morkney2/GC_mock_obs/Nbody6_sims/Full_compact/Halo383_Massive_output_00036_97
>    Less than 10 bound particles.
>    97, 6.10s
Saving...
/vol/ph/astro_data/shared/morkney2/GC_mock_obs/Nbody6_sims/Full_compact/Halo383_Massive_output_00023_25
>    Less than 10 bound particles.
>    25, 28.79s
Saving...
/vol/ph/astro_data/shared/morkney2/GC_mock_obs/Nbody6_sims/Full_compact/Halo383_Massive_output_00036_95
Read all OUT3 files.
Read all OUT3 files.
Read all OUT3 files.
Read all OUT3 files.
>    Less than 10 bound particles.
>    95, 21.61s
Saving...
/vol/ph/astro_data/shared/morkney2/GC_mock_obs/Nbody6_sims/Full_compact/Halo383_Massive_output_00040_165
>    Less than 10 bound particles.
>    165, 33.02s
Saving...
/vol/ph/astro_data/shared/morkney2/GC_mock_obs/Nbody6_sims/Full_compact/Halo383_Massive_output_00042_181
>    Less than 10 bound particles.
>    181, 6.98s
Saving...
/vol/ph/astro_data/shared/morkney2/GC_mock_obs/Nbody6_sims/Full_compact/Halo600_fiducial_hires_output_00029_4
Read all OUT3 files.
>    Less than 10 bound particles.
>    4, 27.36s
Saving...
/vol/ph/astro_data/shared/morkney2/GC_mock_obs/Nbody6_sims/Full_compact/Halo624_fiducial_hires_output_00022_5
Read all OUT3 files.
>    Less than 10 bound particles.
>    5, 8.23s
Saving...
/vol/ph/astro_data/shared/morkney2/GC_mock_obs/Nbody6_sims/Full_compact/Halo383_Massive_output_00037_116
Read all OUT3 files.
>    Less than 10 bound particles.
>    116, 21.93s
Saving...
/vol/ph/astro_data/shared/morkney2/GC_mock_obs/Nbody6_sims/Full_compact/Halo383_fiducial_early_output_00026_52
Read all OUT3 files.
>    Less than 10 bound particles.
>    52, 25.15s
Saving...
/vol/ph/astro_data/shared/morkney2/GC_mock_obs/Nbody6_sims/Full_compact/Halo1459_fiducial_hires_output_00023_4
Read all OUT3 files.
>    Less than 10 bound particles.
>    4, 75.04s
Saving...
/vol/ph/astro_data/shared/morkney2/GC_mock_obs/Nbody6_sims/Full_compact/Halo383_Massive_output_00035_177
>    Less than 10 bound particles.
>    177, 7.29s
Saving...
/vol/ph/astro_data/shared/morkney2/GC_mock_obs/Nbody6_sims/Full_compact/Halo383_Massive_output_00031_46
Read all OUT3 files.
>    Less than 10 bound particles.
>    46, 20.98s
Saving...
/vol/ph/astro_data/shared/morkney2/GC_mock_obs/Nbody6_sims/Full_compact/Halo383_Massive_output_00036_107
>    Less than 10 bound particles.
>    107, 5.03s
Saving...
/vol/ph/astro_data/shared/morkney2/GC_mock_obs/Nbody6_sims/Full_compact/Halo1459_fiducial_hires_output_00021_3
>    Less than 10 bound particles.
>    3, 15.59s
Saving...
/vol/ph/astro_data/shared/morkney2/GC_mock_obs/Nbody6_sims/Full_compact/Halo383_Massive_output_00027_204
>    Less than 10 bound particles.
>    204, 12.55s
Saving...
/vol/ph/astro_data/shared/morkney2/GC_mock_obs/Nbody6_sims/Full_compact/Halo383_Massive_output_00027_43
>    Less than 10 bound particles.
>    43, 18.06s
Saving...
/vol/ph/astro_data/shared/morkney2/GC_mock_obs/Nbody6_sims/Full_compact/Halo383_Massive_output_00040_176
>    Unbound entry.
/vol/ph/astro_data/shared/morkney2/GC_mock_obs/Nbody6_sims/Full_compact/Halo383_Massive_output_00023_38
>    Less than 10 bound particles.
>    38, 16.46s
Saving...
/vol/ph/astro_data/shared/morkney2/GC_mock_obs/Nbody6_sims/Full_compact/Halo383_Massive_output_00027_36
>    Less than 10 bound particles.
>    36, 10.42s
Saving...
/vol/ph/astro_data/shared/morkney2/GC_mock_obs/Nbody6_sims/Full_compact/Halo383_Massive_output_00023_24
>    Less than 10 bound particles.
>    24, 27.94s
Saving...
/vol/ph/astro_data/shared/morkney2/GC_mock_obs/Nbody6_sims/Full_compact/Halo383_fiducial_early_output_00040_61
Read all OUT3 files.
Read all OUT3 files.
>    Less than 10 bound particles.
>    61, 17.12s
Saving...
/vol/ph/astro_data/shared/morkney2/GC_mock_obs/Nbody6_sims/Full_compact/Halo383_Massive_output_00040_186
>    Unbound entry.
/vol/ph/astro_data/shared/morkney2/GC_mock_obs/Nbody6_sims/Full_compact/Halo383_Massive_output_00035_70
>    Less than 10 bound particles.
>    70, 4.81s
Saving...
/vol/ph/astro_data/shared/morkney2/GC_mock_obs/Nbody6_sims/Full_compact/Halo383_Massive_output_00021_15
>    Updating data entry on Halo383_Massive_output_00021_15...
Read all OUT3 files.
Read all OUT3 files.
Read all OUT3 files.
Read all OUT3 files.
>    15, 6.78s
Saving...
/vol/ph/astro_data/shared/morkney2/GC_mock_obs/Nbody6_sims/Full_compact/Halo624_fiducial_hires_output_00017_4
Read all OUT3 files.
>    Less than 10 bound particles.
>    4, 88.10s
Saving...
/vol/ph/astro_data/shared/morkney2/GC_mock_obs/Nbody6_sims/Full_compact/Halo605_fiducial_hires_output_00031_27
>    27, 18.87s
Saving...
/vol/ph/astro_data/shared/morkney2/GC_mock_obs/Nbody6_sims/Full_compact/Halo383_Massive_output_00040_147
Read all OUT3 files.
>    Less than 10 bound particles.
>    147, 87.62s
Saving...
/vol/ph/astro_data/shared/morkney2/GC_mock_obs/Nbody6_sims/Full_compact/Halo383_Massive_output_00025_30
>    Less than 10 bound particles.
>    30, 18.96s
Saving...
/vol/ph/astro_data/shared/morkney2/GC_mock_obs/Nbody6_sims/Full_compact/Halo383_Massive_output_00017_9
Read all OUT3 files.
>    Less than 10 bound particles.
>    9, 8.33s
Saving...
/vol/ph/astro_data/shared/morkney2/GC_mock_obs/Nbody6_sims/Full_compact/Halo383_Massive_output_00036_94
>    Less than 10 bound particles.
>    94, 3.29s
Saving...
/vol/ph/astro_data/shared/morkney2/GC_mock_obs/Nbody6_sims/Full_compact/Halo383_Massive_output_00017_1
>    Updating data entry on Halo383_Massive_output_00017_1...
>    1, 10.33s
Saving...
/vol/ph/astro_data/shared/morkney2/GC_mock_obs/Nbody6_sims/Full_compact/Halo383_Massive_output_00040_141
>    Unbound entry.
/vol/ph/astro_data/shared/morkney2/GC_mock_obs/Nbody6_sims/Full_compact/Halo624_fiducial_hires_output_00017_2
>    Less than 10 bound particles.
>    2, 28.66s
Saving...
/vol/ph/astro_data/shared/morkney2/GC_mock_obs/Nbody6_sims/Full_compact/Halo383_Massive_output_00041_179
>    Less than 10 bound particles.
>    179, 90.08s
Saving...
/vol/ph/astro_data/shared/morkney2/GC_mock_obs/Nbody6_sims/Full_compact/Halo383_Massive_output_00033_51
Read all OUT3 files.
>    Less than 10 bound particles.
>    51, 15.94s
Saving...
/vol/ph/astro_data/shared/morkney2/GC_mock_obs/Nbody6_sims/Full_compact/Halo383_fiducial_early_output_00024_63
Read all OUT3 files.
>    Less than 10 bound particles.
>    63, 60.98s
Saving...
/vol/ph/astro_data/shared/morkney2/GC_mock_obs/Nbody6_sims/Full_compact/Halo383_Massive_output_00014_5
Read all OUT3 files.
>    Less than 10 bound particles.
>    5, 76.79s
Saving...
/vol/ph/astro_data/shared/morkney2/GC_mock_obs/Nbody6_sims/Full_compact/Halo383_fiducial_early_output_00024_17
>    Less than 10 bound particles.
>    17, 8.64s
Saving...
/vol/ph/astro_data/shared/morkney2/GC_mock_obs/Nbody6_sims/Full_compact/Halo383_Massive_output_00035_120
>    Less than 10 bound particles.
>    120, 23.20s
Saving...
/vol/ph/astro_data/shared/morkney2/GC_mock_obs/Nbody6_sims/Full_compact/Halo383_Massive_output_00039_184
Read all OUT3 files.
>    184, 204.83s
Saving...
/vol/ph/astro_data/shared/morkney2/GC_mock_obs/Nbody6_sims/Full_compact/Halo383_Massive_output_00036_106
Read all OUT3 files.
>    Less than 10 bound particles.
>    106, 7.69s
Saving...
/vol/ph/astro_data/shared/morkney2/GC_mock_obs/Nbody6_sims/Full_compact/Halo383_Massive_output_00023_23
Read all OUT3 files.
>    Less than 10 bound particles.
>    23, 28.72s
Saving...
/vol/ph/astro_data/shared/morkney2/GC_mock_obs/Nbody6_sims/Full_compact/Halo383_Massive_output_00017_16
Read all OUT3 files.
>    Less than 10 bound particles.
>    16, 43.99s
Saving...
/vol/ph/astro_data/shared/morkney2/GC_mock_obs/Nbody6_sims/Full_compact/Halo383_Massive_output_00033_57
>    Less than 10 bound particles.
>    57, 2.67s
Saving...
/vol/ph/astro_data/shared/morkney2/GC_mock_obs/Nbody6_sims/Full_compact/Halo383_Massive_output_00036_96
Read all OUT3 files.
Read all OUT3 files.
Read all OUT3 files.
>    Less than 10 bound particles.
>    96, 19.44s
Saving...
/vol/ph/astro_data/shared/morkney2/GC_mock_obs/Nbody6_sims/Full_compact/Halo383_Massive_output_00022_17
>    Less than 10 bound particles.
>    17, 8.28s
Saving...
/vol/ph/astro_data/shared/morkney2/GC_mock_obs/Nbody6_sims/Full_compact/Halo605_fiducial_hires_output_00036_45
Read all OUT3 files.
>    Less than 10 bound particles.
>    45, 41.07s
Saving...
/vol/ph/astro_data/shared/morkney2/GC_mock_obs/Nbody6_sims/Full_compact/Halo383_Massive_output_00035_77
>    Less than 10 bound particles.
>    77, 9.93s
Saving...
/vol/ph/astro_data/shared/morkney2/GC_mock_obs/Nbody6_sims/Full_compact/Halo383_Massive_output_00035_146
Read all OUT3 files.
>    Less than 10 bound particles.
>    146, 26.22s
Saving...
/vol/ph/astro_data/shared/morkney2/GC_mock_obs/Nbody6_sims/Full_compact/Halo383_Massive_output_00038_124
>    Unbound entry.
/vol/ph/astro_data/shared/morkney2/GC_mock_obs/Nbody6_sims/Full_compact/Halo383_fiducial_early_output_00020_14
>    Updating data entry on Halo383_fiducial_early_output_00020_14...
Read all OUT3 files.
>    14, 229.09s
Saving...
/vol/ph/astro_data/shared/morkney2/GC_mock_obs/Nbody6_sims/Full_compact/Halo383_Massive_output_00031_42
Read all OUT3 files.
>    Less than 10 bound particles.
>    42, 14.21s
Saving...
/vol/ph/astro_data/shared/morkney2/GC_mock_obs/Nbody6_sims/Full_compact/Halo383_Massive_output_00036_92
Read all OUT3 files.
>    Less than 10 bound particles.
>    92, 6.70s
Saving...
/vol/ph/astro_data/shared/morkney2/GC_mock_obs/Nbody6_sims/Full_compact/Halo383_Massive_output_00040_145
>    Less than 10 bound particles.
>    145, 28.74s
Saving...
/vol/ph/astro_data/shared/morkney2/GC_mock_obs/Nbody6_sims/Full_compact/Halo383_Massive_output_00019_8
Read all OUT3 files.
>    Less than 10 bound particles.
>    8, 21.00s
Saving...
/vol/ph/astro_data/shared/morkney2/GC_mock_obs/Nbody6_sims/Full_compact/Halo383_Massive_output_00036_126
Read all OUT3 files.
Read all OUT3 files.
>    Less than 10 bound particles.
>    126, 215.41s
Saving...
/vol/ph/astro_data/shared/morkney2/GC_mock_obs/Nbody6_sims/Full_compact/Halo383_Massive_output_00023_41
Read all OUT3 files.
>    Less than 10 bound particles.
>    41, 19.36s
Saving...
/vol/ph/astro_data/shared/morkney2/GC_mock_obs/Nbody6_sims/Full_compact/Halo383_Massive_output_00035_79
>    Less than 10 bound particles.
>    79, 39.03s
Saving...
/vol/ph/astro_data/shared/morkney2/GC_mock_obs/Nbody6_sims/Full_compact/Halo383_Massive_output_00036_119
>    Less than 10 bound particles.
>    119, 14.58s
Saving...
/vol/ph/astro_data/shared/morkney2/GC_mock_obs/Nbody6_sims/Full_compact/Halo605_fiducial_hires_output_00020_47
>    Less than 10 bound particles.
>    47, 5.23s
Saving...
/vol/ph/astro_data/shared/morkney2/GC_mock_obs/Nbody6_sims/Full_compact/Halo383_Massive_output_00036_104
>    Less than 10 bound particles.
>    104, 3.26s
Saving...
/vol/ph/astro_data/shared/morkney2/GC_mock_obs/Nbody6_sims/Full_compact/Halo383_fiducial_early_output_00020_4
>    Unbound entry.
/vol/ph/astro_data/shared/morkney2/GC_mock_obs/Nbody6_sims/Full_compact/Halo383_Massive_output_00040_183
>    Less than 10 bound particles.
>    183, 35.14s
Saving...
/vol/ph/astro_data/shared/morkney2/GC_mock_obs/Nbody6_sims/Full_compact/Halo383_Massive_output_00033_65
>    Less than 10 bound particles.
>    65, 11.68s
Saving...
/vol/ph/astro_data/shared/morkney2/GC_mock_obs/Nbody6_sims/Full_compact/Halo383_Massive_output_00038_128
>    Less than 10 bound particles.
>    128, 15.54s
Saving...
/vol/ph/astro_data/shared/morkney2/GC_mock_obs/Nbody6_sims/Full_compact/Halo383_Massive_output_00035_80
Read all OUT3 files.
>    Less than 10 bound particles.
>    80, 115.04s
Saving...
/vol/ph/astro_data/shared/morkney2/GC_mock_obs/Nbody6_sims/Full_compact/Halo383_Massive_output_00041_157
>    Less than 10 bound particles.
>    157, 45.43s
Saving...
/vol/ph/astro_data/shared/morkney2/GC_mock_obs/Nbody6_sims/Full_compact/Halo383_Massive_output_00038_133
>    Less than 10 bound particles.
>    133, 6.65s
Saving...
/vol/ph/astro_data/shared/morkney2/GC_mock_obs/Nbody6_sims/Full_compact/Halo383_Massive_output_00025_35
>    Less than 10 bound particles.
>    35, 18.21s
Saving...
/vol/ph/astro_data/shared/morkney2/GC_mock_obs/Nbody6_sims/Full_compact/Halo605_fiducial_hires_output_00020_13
Read all OUT3 files.
>    Less than 10 bound particles.
>    13, 99.59s
Saving...
/vol/ph/astro_data/shared/morkney2/GC_mock_obs/Nbody6_sims/Full_compact/Halo383_Massive_output_00030_101
>    Less than 10 bound particles.
>    101, 18.08s
Saving...
/vol/ph/astro_data/shared/morkney2/GC_mock_obs/Nbody6_sims/Full_compact/Halo383_Massive_output_00035_83
>    Less than 10 bound particles.
>    83, 11.25s
Saving...
/vol/ph/astro_data/shared/morkney2/GC_mock_obs/Nbody6_sims/Full_compact/Halo383_fiducial_early_output_00017_45
Read all OUT3 files.
>    Less than 10 bound particles.
>    45, 10.56s
Saving...
/vol/ph/astro_data/shared/morkney2/GC_mock_obs/Nbody6_sims/Full_compact/Halo383_fiducial_early_output_00019_7
>    Less than 10 bound particles.
>    7, 25.23s
Saving...
/vol/ph/astro_data/shared/morkney2/GC_mock_obs/Nbody6_sims/Full_compact/Halo383_fiducial_early_output_00026_56
>    Less than 10 bound particles.
>    56, 11.48s
Saving...
/vol/ph/astro_data/shared/morkney2/GC_mock_obs/Nbody6_sims/Full_compact/Halo383_Massive_output_00035_78
>    Updating data entry on Halo383_Massive_output_00035_78...
Read all OUT3 files.
>    78, 1.05s
Saving...
/vol/ph/astro_data/shared/morkney2/GC_mock_obs/Nbody6_sims/Full_compact/Halo624_fiducial_hires_output_00021_6
Read all OUT3 files.
Read all OUT3 files.
>    Less than 10 bound particles.
>    6, 27.24s
Saving...
/vol/ph/astro_data/shared/morkney2/GC_mock_obs/Nbody6_sims/Full_compact/Halo605_fiducial_hires_output_00020_5
>    Less than 10 bound particles.
>    5, 7.41s
Saving...
/vol/ph/astro_data/shared/morkney2/GC_mock_obs/Nbody6_sims/Full_compact/Halo383_Massive_output_00032_49
>    Less than 10 bound particles.
>    49, 18.39s
Saving...
/vol/ph/astro_data/shared/morkney2/GC_mock_obs/Nbody6_sims/Full_compact/Halo383_Massive_output_00041_159
>    Updating data entry on Halo383_Massive_output_00041_159...
>    159, 1.03s
Saving...
/vol/ph/astro_data/shared/morkney2/GC_mock_obs/Nbody6_sims/Full_compact/Halo383_Massive_output_00035_71
>    Less than 10 bound particles.
>    71, 9.55s
Saving...
/vol/ph/astro_data/shared/morkney2/GC_mock_obs/Nbody6_sims/Full_compact/Halo383_Massive_output_00032_48
>    Less than 10 bound particles.
>    48, 11.40s
Saving...
/vol/ph/astro_data/shared/morkney2/GC_mock_obs/Nbody6_sims/Full_compact/Halo383_fiducial_early_output_00040_59
Read all OUT3 files.
>    Less than 10 bound particles.
>    59, 62.24s
Saving...
/vol/ph/astro_data/shared/morkney2/GC_mock_obs/Nbody6_sims/Full_compact/Halo383_Massive_output_00030_102
Read all OUT3 files.
>    Less than 10 bound particles.
>    102, 14.25s
Saving...
/vol/ph/astro_data/shared/morkney2/GC_mock_obs/Nbody6_sims/Full_compact/Halo383_Massive_output_00041_163
>    Less than 10 bound particles.
>    163, 69.97s
Saving...
/vol/ph/astro_data/shared/morkney2/GC_mock_obs/Nbody6_sims/Full_compact/Halo383_Massive_output_00040_188
>    Unbound entry.
/vol/ph/astro_data/shared/morkney2/GC_mock_obs/Nbody6_sims/Full_compact/Halo383_Massive_output_00033_64
>    Less than 10 bound particles.
>    64, 8.56s
Saving...
/vol/ph/astro_data/shared/morkney2/GC_mock_obs/Nbody6_sims/Full_compact/Halo383_Massive_output_00036_129
Read all OUT3 files.
Read all OUT3 files.
>    Less than 10 bound particles.
>    129, 112.00s
Saving...
/vol/ph/astro_data/shared/morkney2/GC_mock_obs/Nbody6_sims/Full_compact/Halo383_fiducial_early_output_00026_47
Read all OUT3 files.
Read all OUT3 files.
>    Less than 10 bound particles.
>    47, 18.26s
Saving...
/vol/ph/astro_data/shared/morkney2/GC_mock_obs/Nbody6_sims/Full_compact/Halo383_Massive_output_00041_182
>    182, 21.73s
Saving...
/vol/ph/astro_data/shared/morkney2/GC_mock_obs/Nbody6_sims/Full_compact/Halo383_fiducial_early_output_00024_20
Read all OUT3 files.
>    Less than 10 bound particles.
>    20, 24.36s
Saving...
/vol/ph/astro_data/shared/morkney2/GC_mock_obs/Nbody6_sims/Full_compact/Halo383_Massive_output_00040_142
>    Less than 10 bound particles.
>    142, 103.72s
Saving...
/vol/ph/astro_data/shared/morkney2/GC_mock_obs/Nbody6_sims/Full_compact/Halo383_Massive_output_00045_198
>    Less than 10 bound particles.
>    198, 6.55s
Saving...
/vol/ph/astro_data/shared/morkney2/GC_mock_obs/Nbody6_sims/Full_compact/Halo383_Massive_output_00038_125
Read all OUT3 files.
>    Less than 10 bound particles.
>    125, 22.33s
Saving...
/vol/ph/astro_data/shared/morkney2/GC_mock_obs/Nbody6_sims/Full_compact/Halo605_fiducial_hires_output_00020_7
Read all OUT3 files.
>    Less than 10 bound particles.
>    7, 24.98s
Saving...
/vol/ph/astro_data/shared/morkney2/GC_mock_obs/Nbody6_sims/Full_compact/Halo383_Massive_output_00036_205
>    Less than 10 bound particles.
>    205, 67.00s
Saving...
/vol/ph/astro_data/shared/morkney2/GC_mock_obs/Nbody6_sims/Full_compact/Halo383_Massive_output_00035_178
>    Less than 10 bound particles.
>    178, 20.08s
Saving...
/vol/ph/astro_data/shared/morkney2/GC_mock_obs/Nbody6_sims/Full_compact/Halo383_Massive_output_00039_132
>    Less than 10 bound particles.
>    132, 4.51s
Saving...
/vol/ph/astro_data/shared/morkney2/GC_mock_obs/Nbody6_sims/Full_compact/Halo383_Massive_output_00032_44
>    Less than 10 bound particles.
>    44, 9.18s
Saving...
/vol/ph/astro_data/shared/morkney2/GC_mock_obs/Nbody6_sims/Full_compact/Halo383_Massive_output_00030_84
>    Less than 10 bound particles.
>    84, 13.23s
Saving...
/vol/ph/astro_data/shared/morkney2/GC_mock_obs/Nbody6_sims/Full_compact/Halo383_Massive_output_00033_73
Read all OUT3 files.
>    Less than 10 bound particles.
>    73, 29.53s
Saving...
/vol/ph/astro_data/shared/morkney2/GC_mock_obs/Nbody6_sims/Full_compact/Halo383_Massive_output_00035_99
Read all OUT3 files.
>    Less than 10 bound particles.
>    99, 91.05s
Saving...
/vol/ph/astro_data/shared/morkney2/GC_mock_obs/Nbody6_sims/Full_compact/Halo383_Massive_output_00021_14
Read all OUT3 files.
>    Less than 10 bound particles.
>    14, 16.01s
Saving...
/vol/ph/astro_data/shared/morkney2/GC_mock_obs/Nbody6_sims/Full_compact/Halo383_Massive_output_00033_53
>    Less than 10 bound particles.
>    53, 2.18s
Saving...
/vol/ph/astro_data/shared/morkney2/GC_mock_obs/Nbody6_sims/Full_compact/Halo383_fiducial_early_output_00026_51
Read all OUT3 files.
>    Less than 10 bound particles.
>    51, 43.25s
Saving...
/vol/ph/astro_data/shared/morkney2/GC_mock_obs/Nbody6_sims/Full_compact/Halo605_fiducial_hires_output_00029_23
>    Less than 10 bound particles.
>    23, 10.99s
Saving...
/vol/ph/astro_data/shared/morkney2/GC_mock_obs/Nbody6_sims/Full_compact/Halo383_Massive_output_00039_203
Read all OUT3 files.
>    Less than 10 bound particles.
>    203, 67.30s
Saving...
/vol/ph/astro_data/shared/morkney2/GC_mock_obs/Nbody6_sims/Full_compact/Halo605_fiducial_hires_output_00036_40
>    Less than 10 bound particles.
>    40, 25.57s
Saving...
/vol/ph/astro_data/shared/morkney2/GC_mock_obs/Nbody6_sims/Full_compact/Halo383_Massive_output_00040_164
>    Less than 10 bound particles.
>    164, 38.18s
Saving...
/vol/ph/astro_data/shared/morkney2/GC_mock_obs/Nbody6_sims/Full_compact/Halo383_Massive_output_00036_112
>    Less than 10 bound particles.
>    112, 6.96s
Saving...
/vol/ph/astro_data/shared/morkney2/GC_mock_obs/Nbody6_sims/Full_compact/Halo624_fiducial_hires_output_00025_9
>    Less than 10 bound particles.
>    9, 57.00s
Saving...
/vol/ph/astro_data/shared/morkney2/GC_mock_obs/Nbody6_sims/Full_compact/Halo383_Massive_output_00033_50
>    Less than 10 bound particles.
>    50, 40.67s
Saving...
/vol/ph/astro_data/shared/morkney2/GC_mock_obs/Nbody6_sims/Full_compact/Halo383_Massive_output_00036_105
>    Less than 10 bound particles.
>    105, 16.68s
Saving...
/vol/ph/astro_data/shared/morkney2/GC_mock_obs/Nbody6_sims/Full_compact/Halo383_Massive_output_00033_59
>    Less than 10 bound particles.
>    59, 5.15s
Saving...
/vol/ph/astro_data/shared/morkney2/GC_mock_obs/Nbody6_sims/Full_compact/Halo383_Massive_output_00027_40
Read all OUT3 files.
>    Less than 10 bound particles.
>    40, 14.42s
Saving...
/vol/ph/astro_data/shared/morkney2/GC_mock_obs/Nbody6_sims/Full_compact/Halo383_fiducial_early_output_00021_3
Read all OUT3 files.
>    3, 292.12s
Saving...
/vol/ph/astro_data/shared/morkney2/GC_mock_obs/Nbody6_sims/Full_compact/Halo383_Massive_output_00037_113
>    Less than 10 bound particles.
>    113, 21.76s
Saving...
/vol/ph/astro_data/shared/morkney2/GC_mock_obs/Nbody6_sims/Full_compact/Halo383_Massive_output_00044_196
>    Less than 10 bound particles.
>    196, 15.84s
Saving...
/vol/ph/astro_data/shared/morkney2/GC_mock_obs/Nbody6_sims/Full_compact/Halo383_Massive_output_00041_160
Read all OUT3 files.
>    Less than 10 bound particles.
>    160, 24.02s
Saving...
/vol/ph/astro_data/shared/morkney2/GC_mock_obs/Nbody6_sims/Full_compact/Halo383_Massive_output_00035_121
>    Less than 10 bound particles.
>    121, 9.41s
Saving...
/vol/ph/astro_data/shared/morkney2/GC_mock_obs/Nbody6_sims/Full_compact/Halo600_fiducial_hires_output_00029_1
>    Less than 10 bound particles.
>    1, 14.71s
Saving...
/vol/ph/astro_data/shared/morkney2/GC_mock_obs/Nbody6_sims/Full_compact/Halo383_Massive_output_00040_199
>    Unbound entry.
/vol/ph/astro_data/shared/morkney2/GC_mock_obs/Nbody6_sims/Full_compact/Halo383_Massive_output_00035_93
>    Less than 10 bound particles.
>    93, 18.20s
Saving...
/vol/ph/astro_data/shared/morkney2/GC_mock_obs/Nbody6_sims/Full_compact/Halo383_fiducial_early_output_00024_75
>    Less than 10 bound particles.
>    75, 22.03s
Saving...
/vol/ph/astro_data/shared/morkney2/GC_mock_obs/Nbody6_sims/Full_compact/Halo383_fiducial_early_output_00024_15
Read all OUT3 files.
>    Less than 10 bound particles.
>    15, 62.81s
Saving...
/vol/ph/astro_data/shared/morkney2/GC_mock_obs/Nbody6_sims/Full_compact/Halo383_Massive_output_00040_168
>    Unbound entry.
/vol/ph/astro_data/shared/morkney2/GC_mock_obs/Nbody6_sims/Full_compact/Halo383_Massive_output_00035_86
>    Less than 10 bound particles.
>    86, 12.85s
Saving...
/vol/ph/astro_data/shared/morkney2/GC_mock_obs/Nbody6_sims/Full_compact/Halo383_Massive_output_00035_69
>    Less than 10 bound particles.
>    69, 6.54s
Saving...
/vol/ph/astro_data/shared/morkney2/GC_mock_obs/Nbody6_sims/Full_compact/Halo383_Massive_output_00041_161
>    Less than 10 bound particles./vol/ph/astro_data/shared/morkney2/GC_mock_obs/scripts/GC_functions.py:171: RuntimeWarning: divide by zero encountered in log10
  Mbol = (Mbolsol - 2.5 * np.log10(lum)) - BC(Teff)
/user/HS301/m18366/.local/lib/python3.6/site-packages/scipy/interpolate/_fitpack_impl.py:513: RuntimeWarning: The maximal number of iterations (20) allowed for finding smoothing
spline with fp=s has been reached. Probable cause: s too small.
(abs(fp-s)/s>0.001)
  warnings.warn(RuntimeWarning(_iermess[ier][0]))
/user/HS301/m18366/.local/lib/python3.6/site-packages/numpy/core/fromnumeric.py:3373: RuntimeWarning: Mean of empty slice.
  out=out, **kwargs)
/user/HS301/m18366/.local/lib/python3.6/site-packages/numpy/core/_methods.py:170: RuntimeWarning: invalid value encountered in true_divide
  ret = ret.dtype.type(ret / rcount)
GC_retrieve_data.py:145: RuntimeWarning: invalid value encountered in true_divide
  GC_data[sim]['mV_hlr'][i] = (4.83 + 21.572 - 2.5*np.log10(vlum_hlr/area_hlr))
GC_retrieve_data.py:148: RuntimeWarning: invalid value encountered in true_divide
  GC_data[sim]['mV_hmr'][i] = (4.83 + 21.572 - 2.5*np.log10(vlum_hmr/area_hmr))
GC_retrieve_data.py:145: RuntimeWarning: divide by zero encountered in log10
  GC_data[sim]['mV_hlr'][i] = (4.83 + 21.572 - 2.5*np.log10(vlum_hlr/area_hlr))
GC_retrieve_data.py:148: RuntimeWarning: divide by zero encountered in log10
  GC_data[sim]['mV_hmr'][i] = (4.83 + 21.572 - 2.5*np.log10(vlum_hmr/area_hmr))

>    161, 24.82s
Saving...
/vol/ph/astro_data/shared/morkney2/GC_mock_obs/Nbody6_sims/Full_compact/Halo383_fiducial_early_output_00024_37
Read all OUT3 files.
>    Less than 10 bound particles.
>    37, 28.71s
Saving...
/vol/ph/astro_data/shared/morkney2/GC_mock_obs/Nbody6_sims/Full_compact/Halo383_Massive_output_00033_54
>    Less than 10 bound particles.
>    54, 6.88s
Saving...
/vol/ph/astro_data/shared/morkney2/GC_mock_obs/Nbody6_sims/Full_compact/Halo383_Massive_output_00036_110
>    Less than 10 bound particles.
>    110, 17.63s
Saving...
/vol/ph/astro_data/shared/morkney2/GC_mock_obs/Nbody6_sims/Full_compact/Halo383_Massive_output_00041_158
>    Less than 10 bound particles.
>    158, 4.90s
Saving...
/vol/ph/astro_data/shared/morkney2/GC_mock_obs/Nbody6_sims/Full_compact/Halo383_Massive_output_00036_90
Read all OUT3 files.
Read all OUT3 files.
>    Less than 10 bound particles.
>    90, 14.26s
Saving...
/vol/ph/astro_data/shared/morkney2/GC_mock_obs/Nbody6_sims/Full_compact/Halo383_Massive_output_00030_134
>    Less than 10 bound particles.
>    134, 9.70s
Saving...
/vol/ph/astro_data/shared/morkney2/GC_mock_obs/Nbody6_sims/Full_compact/Halo383_Massive_output_00025_32
>    Less than 10 bound particles.
>    32, 8.75s
Saving...
/vol/ph/astro_data/shared/morkney2/GC_mock_obs/Nbody6_sims/Full_compact/Halo383_Massive_output_00026_39
>    Less than 10 bound particles.
>    39, 25.22s
Saving...
/vol/ph/astro_data/shared/morkney2/GC_mock_obs/Nbody6_sims/Full_compact/Halo383_Massive_output_00023_21
>    Less than 10 bound particles.
>    21, 9.08s
Saving...
/vol/ph/astro_data/shared/morkney2/GC_mock_obs/Nbody6_sims/Full_compact/Halo383_fiducial_early_output_00021_13
Read all OUT3 files.
Read all OUT3 files.
>    13, 96.56s
Saving...
/vol/ph/astro_data/shared/morkney2/GC_mock_obs/Nbody6_sims/Full_compact/Halo383_Massive_output_00039_149
Read all OUT3 files.
Read all OUT3 files.
>    149, 68.77s
Saving...
/vol/ph/astro_data/shared/morkney2/GC_mock_obs/Nbody6_sims/Full_compact/Halo383_Massive_output_00035_88
Read all OUT3 files.
Read all OUT3 files.
Read all OUT3 files.
>    Less than 10 bound particles.
>    88, 178.45s
Saving...
/vol/ph/astro_data/shared/morkney2/GC_mock_obs/Nbody6_sims/Full_compact/Halo605_fiducial_hires_output_00020_16
>    Less than 10 bound particles.
>    16, 28.42s
Saving...
/vol/ph/astro_data/shared/morkney2/GC_mock_obs/Nbody6_sims/Full_compact/Halo383_Massive_output_00045_201
Read all OUT3 files.
>    Less than 10 bound particles.
>    201, 27.14s
Saving...
/vol/ph/astro_data/shared/morkney2/GC_mock_obs/Nbody6_sims/Full_compact/Halo383_Massive_output_00040_148
>    Less than 10 bound particles.
>    148, 45.95s
Saving...
/vol/ph/astro_data/shared/morkney2/GC_mock_obs/Nbody6_sims/Full_compact/Halo383_Massive_output_00027_37
Read all OUT3 files.
>    Less than 10 bound particles.
>    37, 16.34s
Saving...
/vol/ph/astro_data/shared/morkney2/GC_mock_obs/Nbody6_sims/Full_compact/Halo383_Massive_output_00022_18
Read all OUT3 files.
>    Less than 10 bound particles.
>    18, 22.02s
Saving...
/vol/ph/astro_data/shared/morkney2/GC_mock_obs/Nbody6_sims/Full_compact/Halo383_Massive_output_00042_197
Read all OUT3 files.
>    197, 163.95s
Saving...
/vol/ph/astro_data/shared/morkney2/GC_mock_obs/Nbody6_sims/Full_compact/Halo383_Massive_output_00033_58
>    Less than 10 bound particles.
>    58, 9.45s
Saving...
/vol/ph/astro_data/shared/morkney2/GC_mock_obs/Nbody6_sims/Full_compact/Halo605_fiducial_hires_output_00020_8
>    Less than 10 bound particles.
>    8, 3.75s
Saving...
/vol/ph/astro_data/shared/morkney2/GC_mock_obs/Nbody6_sims/Full_compact/Halo605_fiducial_hires_output_00033_34
>    Less than 10 bound particles.
>    34, 8.07s
Saving...
/vol/ph/astro_data/shared/morkney2/GC_mock_obs/Nbody6_sims/Full_compact/Halo383_Massive_output_00021_13
Read all OUT3 files.
>    Less than 10 bound particles.
>    13, 27.84s
Saving...
/vol/ph/astro_data/shared/morkney2/GC_mock_obs/Nbody6_sims/Full_compact/Halo605_fiducial_hires_output_00031_28
>    Less than 10 bound particles.
>    28, 25.40s
Saving...
/vol/ph/astro_data/shared/morkney2/GC_mock_obs/Nbody6_sims/Full_compact/Halo383_Massive_output_00040_154
>    Unbound entry.
/vol/ph/astro_data/shared/morkney2/GC_mock_obs/Nbody6_sims/Full_compact/Halo383_Massive_output_00035_109
Read all OUT3 files.
>    Less than 10 bound particles.
>    109, 21.80s
Saving...
/vol/ph/astro_data/shared/morkney2/GC_mock_obs/Nbody6_sims/Full_compact/Halo383_Massive_output_00036_171
>    Less than 10 bound particles.
>    171, 14.63s
Saving...
/vol/ph/astro_data/shared/morkney2/GC_mock_obs/Nbody6_sims/Full_compact/Halo383_Massive_output_00035_82
>    Less than 10 bound particles.
>    82, 11.36s
Saving...
/vol/ph/astro_data/shared/morkney2/GC_mock_obs/Nbody6_sims/Full_compact/Halo383_Massive_output_00034_72
>    Less than 10 bound particles.
>    72, 16.91s
Saving...
/vol/ph/astro_data/shared/morkney2/GC_mock_obs/Nbody6_sims/Full_compact/Halo383_fiducial_early_output_00027_50
Read all OUT3 files.
>    Less than 10 bound particles.
>    50, 49.83s
Saving...
/vol/ph/astro_data/shared/morkney2/GC_mock_obs/Nbody6_sims/Full_compact/Halo383_Massive_output_00032_45
Read all OUT3 files.
>    Less than 10 bound particles.
>    45, 39.89s
Saving...
/vol/ph/astro_data/shared/morkney2/GC_mock_obs/Nbody6_sims/Full_compact/Halo605_fiducial_hires_output_00033_33
>    Less than 10 bound particles.
>    33, 7.62s
Saving...
/vol/ph/astro_data/shared/morkney2/GC_mock_obs/Nbody6_sims/Full_compact/Halo605_fiducial_hires_output_00029_24
>    Less than 10 bound particles.
>    24, 17.56s
Saving...
/vol/ph/astro_data/shared/morkney2/GC_mock_obs/Nbody6_sims/Full_compact/Halo383_Massive_output_00036_91
Read all OUT3 files.
>    Less than 10 bound particles.
>    91, 22.14s
Saving...
/vol/ph/astro_data/shared/morkney2/GC_mock_obs/Nbody6_sims/Full_compact/Halo383_Massive_output_00027_67
Read all OUT3 files.
>    Less than 10 bound particles.
>    67, 6.18s
Saving...
/vol/ph/astro_data/shared/morkney2/GC_mock_obs/Nbody6_sims/Full_compact/Halo383_Massive_output_00021_85
>    Less than 10 bound particles.
>    85, 47.96s
Saving...
/vol/ph/astro_data/shared/morkney2/GC_mock_obs/Nbody6_sims/Full_compact/Halo383_Massive_output_00021_11
>    Less than 10 bound particles.
>    11, 14.82s
Saving...
/vol/ph/astro_data/shared/morkney2/GC_mock_obs/Nbody6_sims/Full_compact/Halo383_Massive_output_00021_12
>    Less than 10 bound particles.
>    12, 23.71s
Saving...
/vol/ph/astro_data/shared/morkney2/GC_mock_obs/Nbody6_sims/Full_compact/Halo383_Massive_output_00025_31
>    Less than 10 bound particles.
>    31, 13.22s
Saving...
/vol/ph/astro_data/shared/morkney2/GC_mock_obs/Nbody6_sims/Full_compact/Halo383_Massive_output_00035_68
>    Less than 10 bound particles.
>    68, 4.98s
Saving...
/vol/ph/astro_data/shared/morkney2/GC_mock_obs/Nbody6_sims/Full_compact/Halo383_fiducial_early_output_00026_49
Read all OUT3 files.
>    Less than 10 bound particles.
>    49, 18.47s
Saving...
/vol/ph/astro_data/shared/morkney2/GC_mock_obs/Nbody6_sims/Full_compact/Halo383_Massive_output_00041_167
>    Unbound entry.
/vol/ph/astro_data/shared/morkney2/GC_mock_obs/Nbody6_sims/Full_compact/Halo383_Massive_output_00035_76
Read all OUT3 files.
>    Less than 10 bound particles.
>    76, 16.86s
Saving...
/vol/ph/astro_data/shared/morkney2/GC_mock_obs/Nbody6_sims/Full_compact/Halo383_Massive_output_00017_2
Read all OUT3 files.
>    Less than 10 bound particles.
>    2, 15.61s
Saving...
/vol/ph/astro_data/shared/morkney2/GC_mock_obs/Nbody6_sims/Full_compact/Halo605_fiducial_hires_output_00019_9
>    Less than 10 bound particles.
>    9, 10.85s
Saving...
/vol/ph/astro_data/shared/morkney2/GC_mock_obs/Nbody6_sims/Full_compact/Halo383_Massive_output_00017_20
>    Updating data entry on Halo383_Massive_output_00017_20...
Read all OUT3 files.
>    20, 10.17s
Saving...
/vol/ph/astro_data/shared/morkney2/GC_mock_obs/Nbody6_sims/Full_compact/Halo383_Massive_output_00035_81
Read all OUT3 files.
>    Less than 10 bound particles.
>    81, 126.26s
Saving...
/vol/ph/astro_data/shared/morkney2/GC_mock_obs/Nbody6_sims/Full_compact/Halo383_Massive_output_00039_139
Read all OUT3 files.
>    Less than 10 bound particles.
>    139, 22.57s
Saving...
/vol/ph/astro_data/shared/morkney2/GC_mock_obs/Nbody6_sims/Full_compact/Halo383_Massive_output_00033_89
>    Less than 10 bound particles.
>    89, 13.20s
Saving...
